<?xml version="1.0" encoding="UTF-8"?>
<!-- Generated by org.testng.reporters.JUnitReportReporter -->
<testsuite hostname="DESKTOP-651B0CJ" failures="0" tests="3" name="methodTest.Jira_Create_Bug" time="4.192" errors="0" timestamp="2020-06-01T19:35:38 AMT" skipped="0">
  <testcase classname="methodTest.Jira_Create_Bug" name="createBug" time="3.169"/>
  <system-out/>
  <testcase classname="methodTest.Jira_Create_Bug" name="deleteIssue" time="0.121"/>
  <system-out/>
  <testcase classname="methodTest.Jira_Create_Bug" name="addCommentToIssue" time="0.902"/>
  <system-out/>
</testsuite> <!-- methodTest.Jira_Create_Bug -->
