<?xml version="1.0" encoding="UTF-8"?>
<!-- Generated by org.testng.reporters.JUnitReportReporter -->
<testsuite hostname="DESKTOP-651B0CJ" failures="0" tests="1" name="methodTest.PostMethodTest" time="1.600" errors="0" timestamp="2020-05-29T14:49:53 AMT" skipped="0">
  <testcase classname="methodTest.PostMethodTest" name="responseToString" time="1.600"/>
  <system-out/>
</testsuite> <!-- methodTest.PostMethodTest -->
