<?xml version="1.0" encoding="UTF-8"?>
<!-- Generated by org.testng.reporters.JUnitReportReporter -->
<testsuite hostname="DESKTOP-651B0CJ" failures="0" tests="1" name="methodTest.GetMethodTest" time="3.116" errors="0" timestamp="2020-05-29T14:49:53 AMT" skipped="0">
  <testcase classname="methodTest.GetMethodTest" name="getMethodTest" time="3.116"/>
  <system-out/>
</testsuite> <!-- methodTest.GetMethodTest -->
