<?xml version="1.0" encoding="UTF-8"?>
<!-- Generated by org.testng.reporters.JUnitReportReporter -->
<testsuite hostname="DESKTOP-651B0CJ" failures="0" tests="1" name="methoSTest.GetMethodTest" time="1.650" errors="0" timestamp="2020-05-23T23:40:06 AMT" skipped="0">
  <testcase classname="methoSTest.GetMethodTest" name="getMethodTest" time="1.650"/>
  <system-out/>
</testsuite> <!-- methoSTest.GetMethodTest -->
